{"dist/configurator.js":{"path":"dist/configurator.js","s":{"1":1,"2":1,"3":20,"4":20,"5":20,"6":20,"7":20,"8":1,"9":1,"10":68,"11":68,"12":54,"13":2,"14":52,"15":2,"16":50,"17":1,"18":68,"19":50,"20":2,"21":48,"22":2,"23":46,"24":1,"25":0,"26":0,"27":0,"28":0,"29":0,"30":1,"31":170,"32":68,"33":6,"34":62,"35":1,"36":34,"37":42,"38":2,"39":40,"40":1,"41":68,"42":16,"43":4,"44":12,"45":1,"46":103,"47":64,"48":64,"49":0,"50":64,"51":1,"52":68,"53":14,"54":14,"55":0,"56":14,"57":1,"58":511,"59":511,"60":511,"61":511,"62":511,"63":511,"64":511,"65":511,"66":511,"67":511,"68":102,"69":238,"70":238,"71":511,"72":238,"73":1,"74":10,"75":1,"76":342,"77":274,"78":1,"79":68,"80":68,"81":1,"82":34,"83":34,"84":1,"85":0,"86":1,"87":24,"88":24,"89":44,"90":20,"91":24,"92":1,"93":342,"94":342,"95":166,"96":4,"97":162,"98":34,"99":128,"100":210,"101":308,"102":190,"103":84,"104":16,"105":16,"106":16,"107":28,"108":0,"109":0,"110":68,"111":68,"112":68,"113":4,"114":6,"115":64,"116":262,"117":106,"118":146,"119":146,"120":1,"121":238,"122":238,"123":0,"124":1,"125":102,"126":102,"127":102,"128":102,"129":0,"130":1,"131":68,"132":1,"133":1,"134":68,"135":1,"136":1,"137":68,"138":1,"139":1,"140":102,"141":34,"142":102,"143":34,"144":102,"145":85,"146":102,"147":34,"148":102,"149":17,"150":102,"151":34,"152":102,"153":102,"154":1,"155":34,"156":34,"157":34,"158":34,"159":34,"160":34,"161":34,"162":1,"163":1,"164":103,"165":1,"166":1,"167":170,"168":170,"169":34,"170":34,"171":170,"172":34,"173":34,"174":1,"175":1,"176":35,"177":17,"178":18,"179":1,"180":1,"181":1,"182":1,"183":1,"184":1,"185":1,"186":0,"187":1,"188":0,"189":1},"b":{"1":[2,52],"2":[54,14],"3":[2,50],"4":[52,40],"5":[2,48],"6":[50,12],"7":[2,46],"8":[48,38],"9":[0,0],"10":[0,0],"11":[6,62],"12":[2,40],"13":[4,12],"14":[0,64],"15":[0,14],"16":[511,272],"17":[443,68],"18":[102,409],"19":[511,239,102],"20":[238,273],"21":[511,238],"22":[20,24],"23":[166,176],"24":[4,162],"25":[34,128],"26":[84,106],"27":[16,68],"28":[16,0],"29":[16,16],"30":[68,0],"31":[4,64],"32":[68,68],"33":[238,0],"34":[238,238,238],"35":[0,0],"36":[102,0],"37":[102,0],"38":[17,18],"39":[35,17],"40":[0,1],"41":[1,0],"42":[0,1]},"f":{"1":1,"2":20,"3":68,"4":54,"5":68,"6":50,"7":0,"8":0,"9":170,"10":68,"11":34,"12":42,"13":68,"14":16,"15":103,"16":64,"17":68,"18":14,"19":511,"20":10,"21":342,"22":68,"23":34,"24":0,"25":24,"26":342,"27":238,"28":102,"29":68,"30":68,"31":68,"32":102,"33":34,"34":34,"35":85,"36":34,"37":17,"38":34,"39":102,"40":34,"41":34,"42":34,"43":103,"44":170,"45":34,"46":34,"47":35},"fnMap":{"1":{"name":"(anonymous_1)","line":1,"loc":{"start":{"line":1,"column":1},"end":{"line":1,"column":27}}},"2":{"name":"AssertError","line":13,"loc":{"start":{"line":13,"column":0},"end":{"line":13,"column":44}}},"3":{"name":"GreaterThanAssert","line":24,"loc":{"start":{"line":24,"column":0},"end":{"line":24,"column":40}}},"4":{"name":"(anonymous_4)","line":26,"loc":{"start":{"line":26,"column":14},"end":{"line":26,"column":37}}},"5":{"name":"LessThanAssert","line":40,"loc":{"start":{"line":40,"column":0},"end":{"line":40,"column":34}}},"6":{"name":"(anonymous_6)","line":41,"loc":{"start":{"line":41,"column":14},"end":{"line":41,"column":37}}},"7":{"name":"RegexAssert","line":54,"loc":{"start":{"line":54,"column":0},"end":{"line":54,"column":41}}},"8":{"name":"(anonymous_8)","line":57,"loc":{"start":{"line":57,"column":14},"end":{"line":57,"column":37}}},"9":{"name":"StringAssert","line":64,"loc":{"start":{"line":64,"column":0},"end":{"line":64,"column":24}}},"10":{"name":"(anonymous_10)","line":65,"loc":{"start":{"line":65,"column":14},"end":{"line":65,"column":37}}},"11":{"name":"NumberAssert","line":73,"loc":{"start":{"line":73,"column":0},"end":{"line":73,"column":24}}},"12":{"name":"(anonymous_12)","line":74,"loc":{"start":{"line":74,"column":14},"end":{"line":74,"column":37}}},"13":{"name":"BooleanAssert","line":82,"loc":{"start":{"line":82,"column":0},"end":{"line":82,"column":25}}},"14":{"name":"(anonymous_14)","line":83,"loc":{"start":{"line":83,"column":14},"end":{"line":83,"column":37}}},"15":{"name":"ObjectAssert","line":91,"loc":{"start":{"line":91,"column":0},"end":{"line":91,"column":24}}},"16":{"name":"(anonymous_16)","line":92,"loc":{"start":{"line":92,"column":14},"end":{"line":92,"column":37}}},"17":{"name":"ArrayAssert","line":101,"loc":{"start":{"line":101,"column":0},"end":{"line":101,"column":23}}},"18":{"name":"(anonymous_18)","line":102,"loc":{"start":{"line":102,"column":14},"end":{"line":102,"column":37}}},"19":{"name":"Node","line":114,"loc":{"start":{"line":114,"column":0},"end":{"line":114,"column":63}}},"20":{"name":"(anonymous_20)","line":139,"loc":{"start":{"line":139,"column":21},"end":{"line":139,"column":33}}},"21":{"name":"(anonymous_21)","line":143,"loc":{"start":{"line":143,"column":21},"end":{"line":143,"column":36}}},"22":{"name":"(anonymous_22)","line":148,"loc":{"start":{"line":148,"column":26},"end":{"line":148,"column":38}}},"23":{"name":"(anonymous_23)","line":153,"loc":{"start":{"line":153,"column":25},"end":{"line":153,"column":40}}},"24":{"name":"(anonymous_24)","line":158,"loc":{"start":{"line":158,"column":23},"end":{"line":158,"column":48}}},"25":{"name":"(anonymous_25)","line":162,"loc":{"start":{"line":162,"column":29},"end":{"line":162,"column":41}}},"26":{"name":"(anonymous_26)","line":174,"loc":{"start":{"line":174,"column":26},"end":{"line":174,"column":43}}},"27":{"name":"(anonymous_27)","line":230,"loc":{"start":{"line":230,"column":21},"end":{"line":230,"column":33}}},"28":{"name":"(anonymous_28)","line":238,"loc":{"start":{"line":238,"column":26},"end":{"line":238,"column":38}}},"29":{"name":"ArrayNode","line":257,"loc":{"start":{"line":257,"column":0},"end":{"line":257,"column":43}}},"30":{"name":"BooleanNode","line":271,"loc":{"start":{"line":271,"column":0},"end":{"line":271,"column":45}}},"31":{"name":"MixedNode","line":285,"loc":{"start":{"line":285,"column":0},"end":{"line":285,"column":43}}},"32":{"name":"NodeChildren","line":295,"loc":{"start":{"line":295,"column":0},"end":{"line":295,"column":30}}},"33":{"name":"(anonymous_33)","line":296,"loc":{"start":{"line":296,"column":20},"end":{"line":296,"column":36}}},"34":{"name":"(anonymous_34)","line":300,"loc":{"start":{"line":300,"column":19},"end":{"line":300,"column":35}}},"35":{"name":"(anonymous_35)","line":304,"loc":{"start":{"line":304,"column":20},"end":{"line":304,"column":36}}},"36":{"name":"(anonymous_36)","line":308,"loc":{"start":{"line":308,"column":21},"end":{"line":308,"column":37}}},"37":{"name":"(anonymous_37)","line":312,"loc":{"start":{"line":312,"column":20},"end":{"line":312,"column":36}}},"38":{"name":"(anonymous_38)","line":316,"loc":{"start":{"line":316,"column":19},"end":{"line":316,"column":35}}},"39":{"name":"(anonymous_39)","line":320,"loc":{"start":{"line":320,"column":13},"end":{"line":320,"column":25}}},"40":{"name":"NumberNode","line":333,"loc":{"start":{"line":333,"column":0},"end":{"line":333,"column":44}}},"41":{"name":"(anonymous_41)","line":336,"loc":{"start":{"line":336,"column":21},"end":{"line":336,"column":36}}},"42":{"name":"(anonymous_42)","line":341,"loc":{"start":{"line":341,"column":18},"end":{"line":341,"column":33}}},"43":{"name":"ObjectNode","line":357,"loc":{"start":{"line":357,"column":0},"end":{"line":357,"column":44}}},"44":{"name":"StringNode","line":371,"loc":{"start":{"line":371,"column":0},"end":{"line":371,"column":44}}},"45":{"name":"(anonymous_45)","line":374,"loc":{"start":{"line":374,"column":21},"end":{"line":374,"column":36}}},"46":{"name":"(anonymous_46)","line":379,"loc":{"start":{"line":379,"column":18},"end":{"line":379,"column":33}}},"47":{"name":"configurator","line":393,"loc":{"start":{"line":393,"column":0},"end":{"line":393,"column":28}}}},"statementMap":{"1":{"start":{"line":1,"column":0},"end":{"line":416,"column":9}},"2":{"start":{"line":13,"column":0},"end":{"line":20,"column":1}},"3":{"start":{"line":14,"column":2},"end":{"line":14,"column":31}},"4":{"start":{"line":16,"column":2},"end":{"line":16,"column":19}},"5":{"start":{"line":17,"column":2},"end":{"line":17,"column":28}},"6":{"start":{"line":18,"column":2},"end":{"line":18,"column":23}},"7":{"start":{"line":19,"column":2},"end":{"line":19,"column":53}},"8":{"start":{"line":22,"column":0},"end":{"line":22,"column":55}},"9":{"start":{"line":24,"column":0},"end":{"line":38,"column":1}},"10":{"start":{"line":25,"column":2},"end":{"line":25,"column":55}},"11":{"start":{"line":26,"column":2},"end":{"line":37,"column":4}},"12":{"start":{"line":27,"column":4},"end":{"line":29,"column":5}},"13":{"start":{"line":28,"column":6},"end":{"line":28,"column":123}},"14":{"start":{"line":31,"column":4},"end":{"line":34,"column":5}},"15":{"start":{"line":32,"column":6},"end":{"line":33,"column":81}},"16":{"start":{"line":36,"column":4},"end":{"line":36,"column":16}},"17":{"start":{"line":40,"column":0},"end":{"line":52,"column":1}},"18":{"start":{"line":41,"column":2},"end":{"line":51,"column":4}},"19":{"start":{"line":42,"column":4},"end":{"line":44,"column":5}},"20":{"start":{"line":43,"column":6},"end":{"line":43,"column":117}},"21":{"start":{"line":46,"column":4},"end":{"line":48,"column":5}},"22":{"start":{"line":47,"column":6},"end":{"line":47,"column":119}},"23":{"start":{"line":50,"column":4},"end":{"line":50,"column":16}},"24":{"start":{"line":54,"column":0},"end":{"line":62,"column":1}},"25":{"start":{"line":55,"column":2},"end":{"line":55,"column":37}},"26":{"start":{"line":56,"column":2},"end":{"line":56,"column":36}},"27":{"start":{"line":57,"column":2},"end":{"line":61,"column":4}},"28":{"start":{"line":58,"column":4},"end":{"line":60,"column":5}},"29":{"start":{"line":59,"column":6},"end":{"line":59,"column":35}},"30":{"start":{"line":64,"column":0},"end":{"line":71,"column":1}},"31":{"start":{"line":65,"column":2},"end":{"line":70,"column":4}},"32":{"start":{"line":66,"column":4},"end":{"line":68,"column":5}},"33":{"start":{"line":67,"column":6},"end":{"line":67,"column":106}},"34":{"start":{"line":69,"column":4},"end":{"line":69,"column":16}},"35":{"start":{"line":73,"column":0},"end":{"line":80,"column":1}},"36":{"start":{"line":74,"column":2},"end":{"line":79,"column":4}},"37":{"start":{"line":75,"column":4},"end":{"line":77,"column":5}},"38":{"start":{"line":76,"column":6},"end":{"line":76,"column":106}},"39":{"start":{"line":78,"column":4},"end":{"line":78,"column":16}},"40":{"start":{"line":82,"column":0},"end":{"line":89,"column":1}},"41":{"start":{"line":83,"column":2},"end":{"line":88,"column":4}},"42":{"start":{"line":84,"column":4},"end":{"line":86,"column":5}},"43":{"start":{"line":85,"column":6},"end":{"line":85,"column":108}},"44":{"start":{"line":87,"column":4},"end":{"line":87,"column":16}},"45":{"start":{"line":91,"column":0},"end":{"line":99,"column":1}},"46":{"start":{"line":92,"column":2},"end":{"line":98,"column":4}},"47":{"start":{"line":93,"column":4},"end":{"line":93,"column":56}},"48":{"start":{"line":94,"column":4},"end":{"line":96,"column":5}},"49":{"start":{"line":95,"column":6},"end":{"line":95,"column":110}},"50":{"start":{"line":97,"column":4},"end":{"line":97,"column":16}},"51":{"start":{"line":101,"column":0},"end":{"line":109,"column":1}},"52":{"start":{"line":102,"column":2},"end":{"line":108,"column":4}},"53":{"start":{"line":103,"column":4},"end":{"line":103,"column":56}},"54":{"start":{"line":104,"column":4},"end":{"line":106,"column":5}},"55":{"start":{"line":105,"column":6},"end":{"line":105,"column":108}},"56":{"start":{"line":107,"column":4},"end":{"line":107,"column":16}},"57":{"start":{"line":114,"column":0},"end":{"line":137,"column":1}},"58":{"start":{"line":115,"column":2},"end":{"line":115,"column":19}},"59":{"start":{"line":116,"column":2},"end":{"line":116,"column":23}},"60":{"start":{"line":117,"column":2},"end":{"line":117,"column":26}},"61":{"start":{"line":118,"column":2},"end":{"line":118,"column":23}},"62":{"start":{"line":119,"column":2},"end":{"line":119,"column":27}},"63":{"start":{"line":120,"column":2},"end":{"line":120,"column":50}},"64":{"start":{"line":121,"column":2},"end":{"line":121,"column":40}},"65":{"start":{"line":122,"column":2},"end":{"line":122,"column":27}},"66":{"start":{"line":123,"column":2},"end":{"line":123,"column":25}},"67":{"start":{"line":126,"column":2},"end":{"line":131,"column":3}},"68":{"start":{"line":127,"column":4},"end":{"line":130,"column":5}},"69":{"start":{"line":128,"column":6},"end":{"line":128,"column":32}},"70":{"start":{"line":129,"column":6},"end":{"line":129,"column":54}},"71":{"start":{"line":134,"column":2},"end":{"line":136,"column":3}},"72":{"start":{"line":135,"column":4},"end":{"line":135,"column":35}},"73":{"start":{"line":139,"column":0},"end":{"line":141,"column":2}},"74":{"start":{"line":140,"column":2},"end":{"line":140,"column":20}},"75":{"start":{"line":143,"column":0},"end":{"line":146,"column":2}},"76":{"start":{"line":144,"column":2},"end":{"line":144,"column":21}},"77":{"start":{"line":145,"column":2},"end":{"line":145,"column":20}},"78":{"start":{"line":148,"column":0},"end":{"line":151,"column":2}},"79":{"start":{"line":149,"column":2},"end":{"line":149,"column":25}},"80":{"start":{"line":150,"column":2},"end":{"line":150,"column":14}},"81":{"start":{"line":153,"column":0},"end":{"line":156,"column":2}},"82":{"start":{"line":154,"column":2},"end":{"line":154,"column":26}},"83":{"start":{"line":155,"column":2},"end":{"line":155,"column":14}},"84":{"start":{"line":158,"column":0},"end":{"line":160,"column":2}},"85":{"start":{"line":159,"column":2},"end":{"line":159,"column":52}},"86":{"start":{"line":162,"column":0},"end":{"line":172,"column":2}},"87":{"start":{"line":163,"column":2},"end":{"line":163,"column":38}},"88":{"start":{"line":165,"column":2},"end":{"line":169,"column":3}},"89":{"start":{"line":166,"column":4},"end":{"line":168,"column":5}},"90":{"start":{"line":167,"column":6},"end":{"line":167,"column":27}},"91":{"start":{"line":171,"column":2},"end":{"line":171,"column":51}},"92":{"start":{"line":174,"column":0},"end":{"line":228,"column":2}},"93":{"start":{"line":175,"column":2},"end":{"line":175,"column":29}},"94":{"start":{"line":177,"column":2},"end":{"line":187,"column":3}},"95":{"start":{"line":178,"column":4},"end":{"line":180,"column":5}},"96":{"start":{"line":179,"column":6},"end":{"line":179,"column":72}},"97":{"start":{"line":182,"column":4},"end":{"line":186,"column":5}},"98":{"start":{"line":183,"column":6},"end":{"line":183,"column":32}},"99":{"start":{"line":185,"column":6},"end":{"line":185,"column":24}},"100":{"start":{"line":189,"column":2},"end":{"line":191,"column":3}},"101":{"start":{"line":190,"column":4},"end":{"line":190,"column":38}},"102":{"start":{"line":193,"column":2},"end":{"line":224,"column":3}},"103":{"start":{"line":195,"column":4},"end":{"line":221,"column":5}},"104":{"start":{"line":196,"column":6},"end":{"line":196,"column":24}},"105":{"start":{"line":197,"column":6},"end":{"line":207,"column":7}},"106":{"start":{"line":198,"column":8},"end":{"line":201,"column":9}},"107":{"start":{"line":200,"column":10},"end":{"line":200,"column":62}},"108":{"start":{"line":203,"column":8},"end":{"line":206,"column":9}},"109":{"start":{"line":205,"column":10},"end":{"line":205,"column":73}},"110":{"start":{"line":208,"column":11},"end":{"line":221,"column":5}},"111":{"start":{"line":209,"column":6},"end":{"line":209,"column":24}},"112":{"start":{"line":211,"column":6},"end":{"line":220,"column":7}},"113":{"start":{"line":212,"column":8},"end":{"line":215,"column":9}},"114":{"start":{"line":214,"column":10},"end":{"line":214,"column":70}},"115":{"start":{"line":217,"column":8},"end":{"line":219,"column":9}},"116":{"start":{"line":218,"column":10},"end":{"line":218,"column":73}},"117":{"start":{"line":223,"column":4},"end":{"line":223,"column":25}},"118":{"start":{"line":226,"column":2},"end":{"line":226,"column":28}},"119":{"start":{"line":227,"column":2},"end":{"line":227,"column":20}},"120":{"start":{"line":230,"column":0},"end":{"line":236,"column":2}},"121":{"start":{"line":231,"column":2},"end":{"line":233,"column":3}},"122":{"start":{"line":232,"column":4},"end":{"line":232,"column":36}},"123":{"start":{"line":235,"column":2},"end":{"line":235,"column":29}},"124":{"start":{"line":238,"column":0},"end":{"line":247,"column":2}},"125":{"start":{"line":239,"column":2},"end":{"line":246,"column":3}},"126":{"start":{"line":240,"column":4},"end":{"line":242,"column":5}},"127":{"start":{"line":241,"column":6},"end":{"line":241,"column":49}},"128":{"start":{"line":243,"column":4},"end":{"line":243,"column":29}},"129":{"start":{"line":245,"column":4},"end":{"line":245,"column":109}},"130":{"start":{"line":257,"column":0},"end":{"line":259,"column":1}},"131":{"start":{"line":258,"column":2},"end":{"line":258,"column":70}},"132":{"start":{"line":261,"column":0},"end":{"line":261,"column":52}},"133":{"start":{"line":271,"column":0},"end":{"line":273,"column":1}},"134":{"start":{"line":272,"column":2},"end":{"line":272,"column":73}},"135":{"start":{"line":275,"column":0},"end":{"line":275,"column":54}},"136":{"start":{"line":285,"column":0},"end":{"line":287,"column":1}},"137":{"start":{"line":286,"column":2},"end":{"line":286,"column":57}},"138":{"start":{"line":289,"column":0},"end":{"line":289,"column":52}},"139":{"start":{"line":295,"column":0},"end":{"line":323,"column":1}},"140":{"start":{"line":296,"column":2},"end":{"line":298,"column":4}},"141":{"start":{"line":297,"column":4},"end":{"line":297,"column":46}},"142":{"start":{"line":300,"column":2},"end":{"line":302,"column":4}},"143":{"start":{"line":301,"column":4},"end":{"line":301,"column":45}},"144":{"start":{"line":304,"column":2},"end":{"line":306,"column":4}},"145":{"start":{"line":305,"column":4},"end":{"line":305,"column":46}},"146":{"start":{"line":308,"column":2},"end":{"line":310,"column":4}},"147":{"start":{"line":309,"column":4},"end":{"line":309,"column":47}},"148":{"start":{"line":312,"column":2},"end":{"line":314,"column":4}},"149":{"start":{"line":313,"column":4},"end":{"line":313,"column":46}},"150":{"start":{"line":316,"column":2},"end":{"line":318,"column":4}},"151":{"start":{"line":317,"column":4},"end":{"line":317,"column":45}},"152":{"start":{"line":320,"column":2},"end":{"line":322,"column":4}},"153":{"start":{"line":321,"column":4},"end":{"line":321,"column":18}},"154":{"start":{"line":333,"column":0},"end":{"line":345,"column":1}},"155":{"start":{"line":334,"column":2},"end":{"line":334,"column":72}},"156":{"start":{"line":336,"column":2},"end":{"line":339,"column":4}},"157":{"start":{"line":337,"column":4},"end":{"line":337,"column":50}},"158":{"start":{"line":338,"column":4},"end":{"line":338,"column":16}},"159":{"start":{"line":341,"column":2},"end":{"line":344,"column":4}},"160":{"start":{"line":342,"column":4},"end":{"line":342,"column":47}},"161":{"start":{"line":343,"column":4},"end":{"line":343,"column":16}},"162":{"start":{"line":347,"column":0},"end":{"line":347,"column":53}},"163":{"start":{"line":357,"column":0},"end":{"line":359,"column":1}},"164":{"start":{"line":358,"column":2},"end":{"line":358,"column":71}},"165":{"start":{"line":361,"column":0},"end":{"line":361,"column":53}},"166":{"start":{"line":371,"column":0},"end":{"line":383,"column":1}},"167":{"start":{"line":372,"column":2},"end":{"line":372,"column":72}},"168":{"start":{"line":374,"column":2},"end":{"line":377,"column":4}},"169":{"start":{"line":375,"column":4},"end":{"line":375,"column":50}},"170":{"start":{"line":376,"column":4},"end":{"line":376,"column":16}},"171":{"start":{"line":379,"column":2},"end":{"line":382,"column":4}},"172":{"start":{"line":380,"column":4},"end":{"line":380,"column":47}},"173":{"start":{"line":381,"column":4},"end":{"line":381,"column":16}},"174":{"start":{"line":385,"column":0},"end":{"line":385,"column":53}},"175":{"start":{"line":393,"column":0},"end":{"line":399,"column":1}},"176":{"start":{"line":394,"column":2},"end":{"line":396,"column":3}},"177":{"start":{"line":395,"column":4},"end":{"line":395,"column":46}},"178":{"start":{"line":398,"column":2},"end":{"line":398,"column":44}},"179":{"start":{"line":401,"column":0},"end":{"line":401,"column":37}},"180":{"start":{"line":402,"column":0},"end":{"line":402,"column":37}},"181":{"start":{"line":403,"column":0},"end":{"line":403,"column":39}},"182":{"start":{"line":404,"column":0},"end":{"line":404,"column":35}},"183":{"start":{"line":405,"column":0},"end":{"line":405,"column":37}},"184":{"start":{"line":406,"column":0},"end":{"line":406,"column":35}},"185":{"start":{"line":408,"column":0},"end":{"line":414,"column":1}},"186":{"start":{"line":409,"column":2},"end":{"line":409,"column":27}},"187":{"start":{"line":410,"column":7},"end":{"line":414,"column":1}},"188":{"start":{"line":411,"column":2},"end":{"line":411,"column":32}},"189":{"start":{"line":413,"column":2},"end":{"line":413,"column":35}}},"branchMap":{"1":{"line":27,"type":"if","locations":[{"start":{"line":27,"column":4},"end":{"line":27,"column":4}},{"start":{"line":27,"column":4},"end":{"line":27,"column":4}}]},"2":{"line":27,"type":"binary-expr","locations":[{"start":{"line":27,"column":8},"end":{"line":27,"column":33}},{"start":{"line":27,"column":37},"end":{"line":27,"column":64}}]},"3":{"line":31,"type":"if","locations":[{"start":{"line":31,"column":4},"end":{"line":31,"column":4}},{"start":{"line":31,"column":4},"end":{"line":31,"column":4}}]},"4":{"line":31,"type":"binary-expr","locations":[{"start":{"line":31,"column":8},"end":{"line":31,"column":33}},{"start":{"line":31,"column":37},"end":{"line":31,"column":57}}]},"5":{"line":42,"type":"if","locations":[{"start":{"line":42,"column":4},"end":{"line":42,"column":4}},{"start":{"line":42,"column":4},"end":{"line":42,"column":4}}]},"6":{"line":42,"type":"binary-expr","locations":[{"start":{"line":42,"column":8},"end":{"line":42,"column":33}},{"start":{"line":42,"column":37},"end":{"line":42,"column":61}}]},"7":{"line":46,"type":"if","locations":[{"start":{"line":46,"column":4},"end":{"line":46,"column":4}},{"start":{"line":46,"column":4},"end":{"line":46,"column":4}}]},"8":{"line":46,"type":"binary-expr","locations":[{"start":{"line":46,"column":8},"end":{"line":46,"column":33}},{"start":{"line":46,"column":37},"end":{"line":46,"column":54}}]},"9":{"line":56,"type":"binary-expr","locations":[{"start":{"line":56,"column":20},"end":{"line":56,"column":26}},{"start":{"line":56,"column":30},"end":{"line":56,"column":35}}]},"10":{"line":58,"type":"if","locations":[{"start":{"line":58,"column":4},"end":{"line":58,"column":4}},{"start":{"line":58,"column":4},"end":{"line":58,"column":4}}]},"11":{"line":66,"type":"if","locations":[{"start":{"line":66,"column":4},"end":{"line":66,"column":4}},{"start":{"line":66,"column":4},"end":{"line":66,"column":4}}]},"12":{"line":75,"type":"if","locations":[{"start":{"line":75,"column":4},"end":{"line":75,"column":4}},{"start":{"line":75,"column":4},"end":{"line":75,"column":4}}]},"13":{"line":84,"type":"if","locations":[{"start":{"line":84,"column":4},"end":{"line":84,"column":4}},{"start":{"line":84,"column":4},"end":{"line":84,"column":4}}]},"14":{"line":94,"type":"if","locations":[{"start":{"line":94,"column":4},"end":{"line":94,"column":4}},{"start":{"line":94,"column":4},"end":{"line":94,"column":4}}]},"15":{"line":104,"type":"if","locations":[{"start":{"line":104,"column":4},"end":{"line":104,"column":4}},{"start":{"line":104,"column":4},"end":{"line":104,"column":4}}]},"16":{"line":120,"type":"binary-expr","locations":[{"start":{"line":120,"column":25},"end":{"line":120,"column":40}},{"start":{"line":120,"column":44},"end":{"line":120,"column":49}}]},"17":{"line":121,"type":"cond-expr","locations":[{"start":{"line":121,"column":26},"end":{"line":121,"column":34}},{"start":{"line":121,"column":37},"end":{"line":121,"column":39}}]},"18":{"line":126,"type":"if","locations":[{"start":{"line":126,"column":2},"end":{"line":126,"column":2}},{"start":{"line":126,"column":2},"end":{"line":126,"column":2}}]},"19":{"line":126,"type":"binary-expr","locations":[{"start":{"line":126,"column":6},"end":{"line":126,"column":35}},{"start":{"line":126,"column":39},"end":{"line":126,"column":47}},{"start":{"line":126,"column":51},"end":{"line":126,"column":70}}]},"20":{"line":134,"type":"if","locations":[{"start":{"line":134,"column":2},"end":{"line":134,"column":2}},{"start":{"line":134,"column":2},"end":{"line":134,"column":2}}]},"21":{"line":134,"type":"binary-expr","locations":[{"start":{"line":134,"column":6},"end":{"line":134,"column":12}},{"start":{"line":134,"column":16},"end":{"line":134,"column":33}}]},"22":{"line":166,"type":"if","locations":[{"start":{"line":166,"column":4},"end":{"line":166,"column":4}},{"start":{"line":166,"column":4},"end":{"line":166,"column":4}}]},"23":{"line":177,"type":"if","locations":[{"start":{"line":177,"column":2},"end":{"line":177,"column":2}},{"start":{"line":177,"column":2},"end":{"line":177,"column":2}}]},"24":{"line":178,"type":"if","locations":[{"start":{"line":178,"column":4},"end":{"line":178,"column":4}},{"start":{"line":178,"column":4},"end":{"line":178,"column":4}}]},"25":{"line":182,"type":"if","locations":[{"start":{"line":182,"column":4},"end":{"line":182,"column":4}},{"start":{"line":182,"column":4},"end":{"line":182,"column":4}}]},"26":{"line":193,"type":"if","locations":[{"start":{"line":193,"column":2},"end":{"line":193,"column":2}},{"start":{"line":193,"column":2},"end":{"line":193,"column":2}}]},"27":{"line":195,"type":"if","locations":[{"start":{"line":195,"column":4},"end":{"line":195,"column":4}},{"start":{"line":195,"column":4},"end":{"line":195,"column":4}}]},"28":{"line":197,"type":"if","locations":[{"start":{"line":197,"column":6},"end":{"line":197,"column":6}},{"start":{"line":197,"column":6},"end":{"line":197,"column":6}}]},"29":{"line":197,"type":"binary-expr","locations":[{"start":{"line":197,"column":10},"end":{"line":197,"column":25}},{"start":{"line":197,"column":29},"end":{"line":197,"column":48}}]},"30":{"line":208,"type":"if","locations":[{"start":{"line":208,"column":11},"end":{"line":208,"column":11}},{"start":{"line":208,"column":11},"end":{"line":208,"column":11}}]},"31":{"line":211,"type":"if","locations":[{"start":{"line":211,"column":6},"end":{"line":211,"column":6}},{"start":{"line":211,"column":6},"end":{"line":211,"column":6}}]},"32":{"line":211,"type":"binary-expr","locations":[{"start":{"line":211,"column":10},"end":{"line":211,"column":25}},{"start":{"line":211,"column":29},"end":{"line":211,"column":48}}]},"33":{"line":231,"type":"if","locations":[{"start":{"line":231,"column":2},"end":{"line":231,"column":2}},{"start":{"line":231,"column":2},"end":{"line":231,"column":2}}]},"34":{"line":231,"type":"binary-expr","locations":[{"start":{"line":231,"column":6},"end":{"line":231,"column":17}},{"start":{"line":231,"column":21},"end":{"line":231,"column":57}},{"start":{"line":231,"column":61},"end":{"line":231,"column":85}}]},"35":{"line":235,"type":"binary-expr","locations":[{"start":{"line":235,"column":9},"end":{"line":235,"column":20}},{"start":{"line":235,"column":24},"end":{"line":235,"column":28}}]},"36":{"line":239,"type":"if","locations":[{"start":{"line":239,"column":2},"end":{"line":239,"column":2}},{"start":{"line":239,"column":2},"end":{"line":239,"column":2}}]},"37":{"line":240,"type":"if","locations":[{"start":{"line":240,"column":4},"end":{"line":240,"column":4}},{"start":{"line":240,"column":4},"end":{"line":240,"column":4}}]},"38":{"line":394,"type":"if","locations":[{"start":{"line":394,"column":2},"end":{"line":394,"column":2}},{"start":{"line":394,"column":2},"end":{"line":394,"column":2}}]},"39":{"line":394,"type":"binary-expr","locations":[{"start":{"line":394,"column":6},"end":{"line":394,"column":10}},{"start":{"line":394,"column":14},"end":{"line":394,"column":71}}]},"40":{"line":408,"type":"if","locations":[{"start":{"line":408,"column":0},"end":{"line":408,"column":0}},{"start":{"line":408,"column":0},"end":{"line":408,"column":0}}]},"41":{"line":408,"type":"binary-expr","locations":[{"start":{"line":408,"column":4},"end":{"line":408,"column":32}},{"start":{"line":408,"column":36},"end":{"line":408,"column":46}}]},"42":{"line":410,"type":"if","locations":[{"start":{"line":410,"column":7},"end":{"line":410,"column":7}},{"start":{"line":410,"column":7},"end":{"line":410,"column":7}}]}}}}