TN:
SF:dist/configurator.js
FN:1,(anonymous_1)
FN:13,AssertError
FN:24,GreaterThanAssert
FN:26,(anonymous_4)
FN:40,LessThanAssert
FN:41,(anonymous_6)
FN:54,RegexAssert
FN:57,(anonymous_8)
FN:64,StringAssert
FN:65,(anonymous_10)
FN:73,NumberAssert
FN:74,(anonymous_12)
FN:82,BooleanAssert
FN:83,(anonymous_14)
FN:91,ObjectAssert
FN:92,(anonymous_16)
FN:101,ArrayAssert
FN:102,(anonymous_18)
FN:114,Node
FN:139,(anonymous_20)
FN:143,(anonymous_21)
FN:148,(anonymous_22)
FN:153,(anonymous_23)
FN:158,(anonymous_24)
FN:162,(anonymous_25)
FN:174,(anonymous_26)
FN:230,(anonymous_27)
FN:238,(anonymous_28)
FN:257,ArrayNode
FN:271,BooleanNode
FN:285,MixedNode
FN:295,NodeChildren
FN:296,(anonymous_33)
FN:300,(anonymous_34)
FN:304,(anonymous_35)
FN:308,(anonymous_36)
FN:312,(anonymous_37)
FN:316,(anonymous_38)
FN:320,(anonymous_39)
FN:333,NumberNode
FN:336,(anonymous_41)
FN:341,(anonymous_42)
FN:357,ObjectNode
FN:371,StringNode
FN:374,(anonymous_45)
FN:379,(anonymous_46)
FN:393,configurator
FNF:47
FNH:44
FNDA:1,(anonymous_1)
FNDA:20,AssertError
FNDA:68,GreaterThanAssert
FNDA:54,(anonymous_4)
FNDA:68,LessThanAssert
FNDA:50,(anonymous_6)
FNDA:0,RegexAssert
FNDA:0,(anonymous_8)
FNDA:170,StringAssert
FNDA:68,(anonymous_10)
FNDA:34,NumberAssert
FNDA:42,(anonymous_12)
FNDA:68,BooleanAssert
FNDA:16,(anonymous_14)
FNDA:103,ObjectAssert
FNDA:64,(anonymous_16)
FNDA:68,ArrayAssert
FNDA:14,(anonymous_18)
FNDA:511,Node
FNDA:10,(anonymous_20)
FNDA:342,(anonymous_21)
FNDA:68,(anonymous_22)
FNDA:34,(anonymous_23)
FNDA:0,(anonymous_24)
FNDA:24,(anonymous_25)
FNDA:342,(anonymous_26)
FNDA:238,(anonymous_27)
FNDA:102,(anonymous_28)
FNDA:68,ArrayNode
FNDA:68,BooleanNode
FNDA:68,MixedNode
FNDA:102,NodeChildren
FNDA:34,(anonymous_33)
FNDA:34,(anonymous_34)
FNDA:85,(anonymous_35)
FNDA:34,(anonymous_36)
FNDA:17,(anonymous_37)
FNDA:34,(anonymous_38)
FNDA:102,(anonymous_39)
FNDA:34,NumberNode
FNDA:34,(anonymous_41)
FNDA:34,(anonymous_42)
FNDA:103,ObjectNode
FNDA:170,StringNode
FNDA:34,(anonymous_45)
FNDA:34,(anonymous_46)
FNDA:35,configurator
DA:1,1
DA:13,1
DA:14,20
DA:16,20
DA:17,20
DA:18,20
DA:19,20
DA:22,1
DA:24,1
DA:25,68
DA:26,68
DA:27,54
DA:28,2
DA:31,52
DA:32,2
DA:36,50
DA:40,1
DA:41,68
DA:42,50
DA:43,2
DA:46,48
DA:47,2
DA:50,46
DA:54,1
DA:55,0
DA:56,0
DA:57,0
DA:58,0
DA:59,0
DA:64,1
DA:65,170
DA:66,68
DA:67,6
DA:69,62
DA:73,1
DA:74,34
DA:75,42
DA:76,2
DA:78,40
DA:82,1
DA:83,68
DA:84,16
DA:85,4
DA:87,12
DA:91,1
DA:92,103
DA:93,64
DA:94,64
DA:95,0
DA:97,64
DA:101,1
DA:102,68
DA:103,14
DA:104,14
DA:105,0
DA:107,14
DA:114,1
DA:115,511
DA:116,511
DA:117,511
DA:118,511
DA:119,511
DA:120,511
DA:121,511
DA:122,511
DA:123,511
DA:126,511
DA:127,102
DA:128,238
DA:129,238
DA:134,511
DA:135,238
DA:139,1
DA:140,10
DA:143,1
DA:144,342
DA:145,274
DA:148,1
DA:149,68
DA:150,68
DA:153,1
DA:154,34
DA:155,34
DA:158,1
DA:159,0
DA:162,1
DA:163,24
DA:165,24
DA:166,44
DA:167,20
DA:171,24
DA:174,1
DA:175,342
DA:177,342
DA:178,166
DA:179,4
DA:182,162
DA:183,34
DA:185,128
DA:189,210
DA:190,308
DA:193,190
DA:195,84
DA:196,16
DA:197,16
DA:198,16
DA:200,28
DA:203,0
DA:205,0
DA:208,68
DA:209,68
DA:211,68
DA:212,4
DA:214,6
DA:217,64
DA:218,262
DA:223,106
DA:226,146
DA:227,146
DA:230,1
DA:231,238
DA:232,238
DA:235,0
DA:238,1
DA:239,102
DA:240,102
DA:241,102
DA:243,102
DA:245,0
DA:257,1
DA:258,68
DA:261,1
DA:271,1
DA:272,68
DA:275,1
DA:285,1
DA:286,68
DA:289,1
DA:295,1
DA:296,102
DA:297,34
DA:300,102
DA:301,34
DA:304,102
DA:305,85
DA:308,102
DA:309,34
DA:312,102
DA:313,17
DA:316,102
DA:317,34
DA:320,102
DA:321,102
DA:333,1
DA:334,34
DA:336,34
DA:337,34
DA:338,34
DA:341,34
DA:342,34
DA:343,34
DA:347,1
DA:357,1
DA:358,103
DA:361,1
DA:371,1
DA:372,170
DA:374,170
DA:375,34
DA:376,34
DA:379,170
DA:380,34
DA:381,34
DA:385,1
DA:393,1
DA:394,35
DA:395,17
DA:398,18
DA:401,1
DA:402,1
DA:403,1
DA:404,1
DA:405,1
DA:406,1
DA:408,1
DA:409,0
DA:410,1
DA:411,0
DA:413,1
LF:189
LH:175
BRDA:27,1,0,2
BRDA:27,1,1,52
BRDA:27,2,0,54
BRDA:27,2,1,14
BRDA:31,3,0,2
BRDA:31,3,1,50
BRDA:31,4,0,52
BRDA:31,4,1,40
BRDA:42,5,0,2
BRDA:42,5,1,48
BRDA:42,6,0,50
BRDA:42,6,1,12
BRDA:46,7,0,2
BRDA:46,7,1,46
BRDA:46,8,0,48
BRDA:46,8,1,38
BRDA:56,9,0,0
BRDA:56,9,1,0
BRDA:58,10,0,0
BRDA:58,10,1,0
BRDA:66,11,0,6
BRDA:66,11,1,62
BRDA:75,12,0,2
BRDA:75,12,1,40
BRDA:84,13,0,4
BRDA:84,13,1,12
BRDA:94,14,0,0
BRDA:94,14,1,64
BRDA:104,15,0,0
BRDA:104,15,1,14
BRDA:120,16,0,511
BRDA:120,16,1,272
BRDA:121,17,0,443
BRDA:121,17,1,68
BRDA:126,18,0,102
BRDA:126,18,1,409
BRDA:126,19,0,511
BRDA:126,19,1,239
BRDA:126,19,2,102
BRDA:134,20,0,238
BRDA:134,20,1,273
BRDA:134,21,0,511
BRDA:134,21,1,238
BRDA:166,22,0,20
BRDA:166,22,1,24
BRDA:177,23,0,166
BRDA:177,23,1,176
BRDA:178,24,0,4
BRDA:178,24,1,162
BRDA:182,25,0,34
BRDA:182,25,1,128
BRDA:193,26,0,84
BRDA:193,26,1,106
BRDA:195,27,0,16
BRDA:195,27,1,68
BRDA:197,28,0,16
BRDA:197,28,1,0
BRDA:197,29,0,16
BRDA:197,29,1,16
BRDA:208,30,0,68
BRDA:208,30,1,0
BRDA:211,31,0,4
BRDA:211,31,1,64
BRDA:211,32,0,68
BRDA:211,32,1,68
BRDA:231,33,0,238
BRDA:231,33,1,0
BRDA:231,34,0,238
BRDA:231,34,1,238
BRDA:231,34,2,238
BRDA:235,35,0,0
BRDA:235,35,1,0
BRDA:239,36,0,102
BRDA:239,36,1,0
BRDA:240,37,0,102
BRDA:240,37,1,0
BRDA:394,38,0,17
BRDA:394,38,1,18
BRDA:394,39,0,35
BRDA:394,39,1,17
BRDA:408,40,0,0
BRDA:408,40,1,1
BRDA:408,41,0,1
BRDA:408,41,1,0
BRDA:410,42,0,0
BRDA:410,42,1,1
BRF:86
BRH:70
end_of_record
